Der Buildvorgang wurde am 29.12.2015 02:27:03 gestartet.
     1>Projekt "C:\Users\Oliver\Documents\Visual Studio 2015\Projects\Game Solution\Neverfall\Neverfall.vcxproj" auf Knoten "2", Build Ziel(e).
     1>ClCompile:
         C:\Program Files (x86)\Microsoft Visual Studio 12.0\VC\bin\CL.exe /c /I"C:\Users\Oliver\Documents\Visual Studio 2015\lib\SFML-2.2\include" /ZI /nologo /W3 /WX- /Od /Oy- /D WIN32 /D _DEBUG /D _CONSOLE /D _UNICODE /D UNICODE /Gm /EHsc /RTC1 /MDd /GS /fp:precise /Zc:wchar_t /Zc:forScope /Fo"Debug\\" /Fd"Debug\vc120.pdb" /Gd /TP /analyze- /errorReport:prompt Game.cpp Map.cpp Mapgenerator.cpp main.cpp
         Skipping... (no relevant changes detected)
         main.cpp
         Mapgenerator.cpp
         Map.cpp
         Game.cpp
       Link:
         C:\Program Files (x86)\Microsoft Visual Studio 12.0\VC\bin\link.exe /ERRORREPORT:PROMPT /OUT:"C:\Users\Oliver\Documents\Visual Studio 2015\Projects\Game Solution\Debug\Neverfall.exe" /INCREMENTAL /NOLOGO "sfml-graphics-d.lib" "sfml-system-d.lib" "sfml-window-d.lib" "sfml-system-d.lib" "sfml-window-d.lib" "sfml-graphics-d.lib" kernel32.lib user32.lib gdi32.lib winspool.lib comdlg32.lib advapi32.lib shell32.lib ole32.lib oleaut32.lib uuid.lib odbc32.lib odbccp32.lib /MANIFEST /MANIFESTUAC:"level='asInvoker' uiAccess='false'" /manifest:embed /DEBUG /PDB:"C:\Users\Oliver\Documents\Visual Studio 2015\Projects\Game Solution\Debug\Neverfall.pdb" /SUBSYSTEM:CONSOLE /TLBID:1 /DYNAMICBASE /NXCOMPAT /IMPLIB:"C:\Users\Oliver\Documents\Visual Studio 2015\Projects\Game Solution\Debug\Neverfall.lib" /MACHINE:X86 Debug\Field.obj
         Debug\Game.obj
         Debug\main.obj
         Debug\Map.obj
         Debug\Mapgenerator.obj
         Debug\Random.obj
         Debug\TextureHolder.obj
         Neverfall.vcxproj -> C:\Users\Oliver\Documents\Visual Studio 2015\Projects\Game Solution\Debug\Neverfall.exe
     1>Die Erstellung von Projekt "C:\Users\Oliver\Documents\Visual Studio 2015\Projects\Game Solution\Neverfall\Neverfall.vcxproj" ist abgeschlossen (Build Ziel(e)).

Der Buildvorgang wurde erfolgreich ausgeführt.

Verstrichene Zeit 00:00:13.10
